<?xml version="1.0" encoding="UTF-8"?>
<!-- Generated by org.testng.reporters.JUnitReportReporter -->
<testsuite skipped="0" hostname="Lenovo-PC" name="testcases.HomepageTest" tests="1" failures="0" timestamp="2022-08-06T18:25:04 IST" time="2.340" errors="0">
  <testcase name="verifyFormElement" time="2.340" classname="testcases.HomepageTest"/>
  <system-out/>
</testsuite> <!-- testcases.HomepageTest -->
