<?xml version="1.0" encoding="UTF-8"?>
<!-- Generated by org.testng.reporters.JUnitReportReporter -->
<testsuite skipped="0" hostname="Lenovo-PC" name="testcases.DynamicDropdown" tests="1" failures="0" timestamp="2022-08-03T20:49:57 IST" time="22.357" errors="0">
  <testcase name="dynamicDrop" time="22.357" classname="testcases.DynamicDropdown"/>
  <system-out/>
</testsuite> <!-- testcases.DynamicDropdown -->
