<?xml version="1.0" encoding="UTF-8"?>
<!-- Generated by org.testng.reporters.JUnitReportReporter -->
<testsuite skipped="0" hostname="Lenovo-PC" name="testcases.LoginUsingProperty" tests="1" failures="0" timestamp="2022-08-04T17:44:44 IST" time="57.961" errors="0">
  <testcase name="validLogin" time="57.961" classname="testcases.LoginUsingProperty"/>
  <system-out/>
</testsuite> <!-- testcases.LoginUsingProperty -->
