<?xml version="1.0" encoding="UTF-8"?>
<!-- Generated by org.testng.reporters.JUnitReportReporter -->
<testsuite skipped="0" hostname="Lenovo-PC" name="testcases.HowToReadExcel" tests="1" failures="0" timestamp="2022-08-05T15:46:47 IST" time="1.288" errors="0">
  <testcase name="readExcel" time="1.288" classname="testcases.HowToReadExcel"/>
  <system-out/>
</testsuite> <!-- testcases.HowToReadExcel -->
