<?xml version="1.0" encoding="UTF-8"?>
<!-- Generated by org.testng.reporters.JUnitReportReporter -->
<testsuite skipped="0" hostname="Lenovo-PC" name="testcases.MultipleWindow" tests="1" failures="0" timestamp="2022-08-03T18:54:53 IST" time="20.087" errors="0">
  <testcase name="multiWindow" time="20.087" classname="testcases.MultipleWindow"/>
  <system-out/>
</testsuite> <!-- testcases.MultipleWindow -->
